This file contains any messages produced by compilers while
running configure, to aid debugging if configure makes a mistake.

It was created by libefio.a configure 1.0, which was
generated by GNU Autoconf 2.63.  Invocation command line was

  $ ./configure 

## --------- ##
## Platform. ##
## --------- ##

hostname = localhost.localdomain
uname -m = x86_64
uname -r = 3.0.8
uname -s = Linux
uname -v = #1 SMP Thu Oct 16 22:14:09 CST 2014

/usr/bin/uname -p = unknown
/bin/uname -X     = unknown

/bin/arch              = x86_64
/usr/bin/arch -k       = unknown
/usr/convex/getsysinfo = unknown
/usr/bin/hostinfo      = unknown
/bin/machine           = unknown
/usr/bin/oslevel       = unknown
/bin/universe          = unknown

PATH: /usr/local/sbin
PATH: /usr/local/bin
PATH: /sbin
PATH: /bin
PATH: /usr/sbin
PATH: /usr/bin
PATH: /root/bin


## ----------- ##
## Core tests. ##
## ----------- ##

configure:1868: checking for a BSD-compatible install
configure:1936: result: /usr/bin/install -c
configure:1947: checking whether build environment is sane
configure:2007: result: yes
configure:2148: checking for a thread-safe mkdir -p
configure:2187: result: /bin/mkdir -p
configure:2200: checking for gawk
configure:2216: found /bin/gawk
configure:2227: result: gawk
configure:2238: checking whether make sets $(MAKE)
configure:2260: result: yes
configure:2394: checking for gcc
configure:2410: found /usr/bin/gcc
configure:2421: result: gcc
configure:2653: checking for C compiler version
configure:2661: gcc --version >&5
gcc (GCC) 4.4.6 20110731 (Red Hat 4.4.6-3)
Copyright (C) 2010 Free Software Foundation, Inc.
This is free software; see the source for copying conditions.  There is NO
warranty; not even for MERCHANTABILITY or FITNESS FOR A PARTICULAR PURPOSE.

configure:2665: $? = 0
configure:2672: gcc -v >&5
Using built-in specs.
Target: x86_64-redhat-linux
Configured with: ../configure --prefix=/usr --mandir=/usr/share/man --infodir=/usr/share/info --with-bugurl=http://bugzilla.redhat.com/bugzilla --enable-bootstrap --enable-shared --enable-threads=posix --enable-checking=release --with-system-zlib --enable-__cxa_atexit --disable-libunwind-exceptions --enable-gnu-unique-object --enable-languages=c,c++,objc,obj-c++,java,fortran,ada --enable-java-awt=gtk --disable-dssi --with-java-home=/usr/lib/jvm/java-1.5.0-gcj-1.5.0.0/jre --enable-libgcj-multifile --enable-java-maintainer-mode --with-ecj-jar=/usr/share/java/eclipse-ecj.jar --disable-libjava-multilib --with-ppl --with-cloog --with-tune=generic --with-arch_32=i686 --build=x86_64-redhat-linux
Thread model: posix
gcc version 4.4.6 20110731 (Red Hat 4.4.6-3) (GCC) 
configure:2676: $? = 0
configure:2683: gcc -V >&5
gcc: '-V' option must have argument
configure:2687: $? = 1
configure:2710: checking for C compiler default output file name
configure:2732: gcc    conftest.c  >&5
configure:2736: $? = 0
configure:2774: result: a.out
configure:2793: checking whether the C compiler works
configure:2803: ./a.out
configure:2807: $? = 0
configure:2826: result: yes
configure:2833: checking whether we are cross compiling
configure:2835: result: no
configure:2838: checking for suffix of executables
configure:2845: gcc -o conftest    conftest.c  >&5
configure:2849: $? = 0
configure:2875: result: 
configure:2881: checking for suffix of object files
configure:2907: gcc -c   conftest.c >&5
configure:2911: $? = 0
configure:2936: result: o
configure:2940: checking whether we are using the GNU C compiler
configure:2969: gcc -c   conftest.c >&5
configure:2976: $? = 0
configure:2993: result: yes
configure:3002: checking whether gcc accepts -g
configure:3032: gcc -c -g  conftest.c >&5
configure:3039: $? = 0
configure:3140: result: yes
configure:3157: checking for gcc option to accept ISO C89
configure:3231: gcc  -c -g -O2  conftest.c >&5
configure:3238: $? = 0
configure:3261: result: none needed
configure:3290: checking for style of include used by make
configure:3318: result: GNU
configure:3343: checking dependency style of gcc
configure:3453: result: gcc3
configure:3514: checking for ranlib
configure:3530: found /usr/bin/ranlib
configure:3541: result: ranlib
configure:3571: checking how to run the C preprocessor
configure:3611: gcc -E  conftest.c
configure:3618: $? = 0
configure:3649: gcc -E  conftest.c
conftest.c:10:28: error: ac_nonexistent.h: No such file or directory
configure:3656: $? = 1
configure: failed program was:
| /* confdefs.h.  */
| #define PACKAGE_NAME "libefio.a"
| #define PACKAGE_TARNAME "libefio-a"
| #define PACKAGE_VERSION "1.0"
| #define PACKAGE_STRING "libefio.a 1.0"
| #define PACKAGE_BUGREPORT ""
| #define PACKAGE "libefio-a"
| #define VERSION "1.0"
| /* end confdefs.h.  */
| #include <ac_nonexistent.h>
configure:3689: result: gcc -E
configure:3718: gcc -E  conftest.c
configure:3725: $? = 0
configure:3756: gcc -E  conftest.c
conftest.c:10:28: error: ac_nonexistent.h: No such file or directory
configure:3763: $? = 1
configure: failed program was:
| /* confdefs.h.  */
| #define PACKAGE_NAME "libefio.a"
| #define PACKAGE_TARNAME "libefio-a"
| #define PACKAGE_VERSION "1.0"
| #define PACKAGE_STRING "libefio.a 1.0"
| #define PACKAGE_BUGREPORT ""
| #define PACKAGE "libefio-a"
| #define VERSION "1.0"
| /* end confdefs.h.  */
| #include <ac_nonexistent.h>
configure:3803: checking for grep that handles long lines and -e
configure:3863: result: /bin/grep
configure:3868: checking for egrep
configure:3932: result: /bin/grep -E
configure:3937: checking for ANSI C header files
configure:3967: gcc -c -g -O2  conftest.c >&5
configure:3974: $? = 0
configure:4073: gcc -o conftest -g -O2   conftest.c  >&5
configure:4077: $? = 0
configure:4083: ./conftest
configure:4087: $? = 0
configure:4105: result: yes
configure:4129: checking for sys/types.h
configure:4150: gcc -c -g -O2  conftest.c >&5
configure:4157: $? = 0
configure:4174: result: yes
configure:4129: checking for sys/stat.h
configure:4150: gcc -c -g -O2  conftest.c >&5
configure:4157: $? = 0
configure:4174: result: yes
configure:4129: checking for stdlib.h
configure:4150: gcc -c -g -O2  conftest.c >&5
configure:4157: $? = 0
configure:4174: result: yes
configure:4129: checking for string.h
configure:4150: gcc -c -g -O2  conftest.c >&5
configure:4157: $? = 0
configure:4174: result: yes
configure:4129: checking for memory.h
configure:4150: gcc -c -g -O2  conftest.c >&5
configure:4157: $? = 0
configure:4174: result: yes
configure:4129: checking for strings.h
configure:4150: gcc -c -g -O2  conftest.c >&5
configure:4157: $? = 0
configure:4174: result: yes
configure:4129: checking for inttypes.h
configure:4150: gcc -c -g -O2  conftest.c >&5
configure:4157: $? = 0
configure:4174: result: yes
configure:4129: checking for stdint.h
configure:4150: gcc -c -g -O2  conftest.c >&5
configure:4157: $? = 0
configure:4174: result: yes
configure:4129: checking for unistd.h
configure:4150: gcc -c -g -O2  conftest.c >&5
configure:4157: $? = 0
configure:4174: result: yes
configure:4208: checking fcntl.h usability
configure:4225: gcc -c -g -O2  conftest.c >&5
configure:4232: $? = 0
configure:4246: result: yes
configure:4250: checking fcntl.h presence
configure:4265: gcc -E  conftest.c
configure:4272: $? = 0
configure:4286: result: yes
configure:4314: checking for fcntl.h
configure:4323: result: yes
configure:4197: checking for inttypes.h
configure:4204: result: yes
configure:4197: checking for stdlib.h
configure:4204: result: yes
configure:4197: checking for string.h
configure:4204: result: yes
configure:4208: checking sys/ioctl.h usability
configure:4225: gcc -c -g -O2  conftest.c >&5
configure:4232: $? = 0
configure:4246: result: yes
configure:4250: checking sys/ioctl.h presence
configure:4265: gcc -E  conftest.c
configure:4272: $? = 0
configure:4286: result: yes
configure:4314: checking for sys/ioctl.h
configure:4323: result: yes
configure:4347: checking for stdlib.h
configure:4354: result: yes
configure:4488: checking for GNU libc compatible malloc
configure:4522: gcc -o conftest -g -O2   conftest.c  >&5
configure:4526: $? = 0
configure:4532: ./conftest
configure:4536: $? = 0
configure:4553: result: yes
configure:4587: checking for stdlib.h
configure:4594: result: yes
configure:4587: checking for unistd.h
configure:4594: result: yes
configure:4732: checking for getpagesize
configure:4788: gcc -o conftest -g -O2   conftest.c  >&5
configure:4795: $? = 0
configure:4817: result: yes
configure:4829: checking for working mmap
configure:4976: gcc -o conftest -g -O2   conftest.c  >&5
configure:4980: $? = 0
configure:4986: ./conftest
configure:4990: $? = 0
configure:5007: result: yes
configure:5024: checking for bzero
configure:5080: gcc -o conftest -g -O2   conftest.c  >&5
conftest.c:54: warning: conflicting types for built-in function 'bzero'
configure:5087: $? = 0
configure:5109: result: yes
configure:5024: checking for memset
configure:5080: gcc -o conftest -g -O2   conftest.c  >&5
conftest.c:55: warning: conflicting types for built-in function 'memset'
configure:5087: $? = 0
configure:5109: result: yes
configure:5024: checking for munmap
configure:5080: gcc -o conftest -g -O2   conftest.c  >&5
configure:5087: $? = 0
configure:5109: result: yes
configure:5284: creating ./config.status

## ---------------------- ##
## Running config.status. ##
## ---------------------- ##

This file was extended by libefio.a config.status 1.0, which was
generated by GNU Autoconf 2.63.  Invocation command line was

  CONFIG_FILES    = 
  CONFIG_HEADERS  = 
  CONFIG_LINKS    = 
  CONFIG_COMMANDS = 
  $ ./config.status 

on localhost.localdomain

config.status:696: creating Makefile
config.status:907: executing depfiles commands

## ---------------- ##
## Cache variables. ##
## ---------------- ##

ac_cv_c_compiler_gnu=yes
ac_cv_env_CC_set=
ac_cv_env_CC_value=
ac_cv_env_CFLAGS_set=
ac_cv_env_CFLAGS_value=
ac_cv_env_CPPFLAGS_set=
ac_cv_env_CPPFLAGS_value=
ac_cv_env_CPP_set=
ac_cv_env_CPP_value=
ac_cv_env_LDFLAGS_set=
ac_cv_env_LDFLAGS_value=
ac_cv_env_LIBS_set=
ac_cv_env_LIBS_value=
ac_cv_env_build_alias_set=
ac_cv_env_build_alias_value=
ac_cv_env_host_alias_set=
ac_cv_env_host_alias_value=
ac_cv_env_target_alias_set=
ac_cv_env_target_alias_value=
ac_cv_func_bzero=yes
ac_cv_func_getpagesize=yes
ac_cv_func_malloc_0_nonnull=yes
ac_cv_func_memset=yes
ac_cv_func_mmap_fixed_mapped=yes
ac_cv_func_munmap=yes
ac_cv_header_fcntl_h=yes
ac_cv_header_inttypes_h=yes
ac_cv_header_memory_h=yes
ac_cv_header_stdc=yes
ac_cv_header_stdint_h=yes
ac_cv_header_stdlib_h=yes
ac_cv_header_string_h=yes
ac_cv_header_strings_h=yes
ac_cv_header_sys_ioctl_h=yes
ac_cv_header_sys_stat_h=yes
ac_cv_header_sys_types_h=yes
ac_cv_header_unistd_h=yes
ac_cv_objext=o
ac_cv_path_EGREP='/bin/grep -E'
ac_cv_path_GREP=/bin/grep
ac_cv_path_install='/usr/bin/install -c'
ac_cv_path_mkdir=/bin/mkdir
ac_cv_prog_AWK=gawk
ac_cv_prog_CPP='gcc -E'
ac_cv_prog_ac_ct_CC=gcc
ac_cv_prog_ac_ct_RANLIB=ranlib
ac_cv_prog_cc_c89=
ac_cv_prog_cc_g=yes
ac_cv_prog_make_make_set=yes
am_cv_CC_dependencies_compiler_type=gcc3

## ----------------- ##
## Output variables. ##
## ----------------- ##

ACLOCAL='${SHELL} /usr/work/efdetector/efio/missing --run aclocal-1.11'
AMDEPBACKSLASH='\'
AMDEP_FALSE='#'
AMDEP_TRUE=''
AMTAR='${SHELL} /usr/work/efdetector/efio/missing --run tar'
AUTOCONF='${SHELL} /usr/work/efdetector/efio/missing --run autoconf'
AUTOHEADER='${SHELL} /usr/work/efdetector/efio/missing --run autoheader'
AUTOMAKE='${SHELL} /usr/work/efdetector/efio/missing --run automake-1.11'
AWK='gawk'
CC='gcc'
CCDEPMODE='depmode=gcc3'
CFLAGS='-g -O2'
CPP='gcc -E'
CPPFLAGS=''
CYGPATH_W='echo'
DEFS='-DPACKAGE_NAME=\"libefio.a\" -DPACKAGE_TARNAME=\"libefio-a\" -DPACKAGE_VERSION=\"1.0\" -DPACKAGE_STRING=\"libefio.a\ 1.0\" -DPACKAGE_BUGREPORT=\"\" -DPACKAGE=\"libefio-a\" -DVERSION=\"1.0\" -DSTDC_HEADERS=1 -DHAVE_SYS_TYPES_H=1 -DHAVE_SYS_STAT_H=1 -DHAVE_STDLIB_H=1 -DHAVE_STRING_H=1 -DHAVE_MEMORY_H=1 -DHAVE_STRINGS_H=1 -DHAVE_INTTYPES_H=1 -DHAVE_STDINT_H=1 -DHAVE_UNISTD_H=1 -DHAVE_FCNTL_H=1 -DHAVE_INTTYPES_H=1 -DHAVE_STDLIB_H=1 -DHAVE_STRING_H=1 -DHAVE_SYS_IOCTL_H=1 -DHAVE_STDLIB_H=1 -DHAVE_MALLOC=1 -DHAVE_STDLIB_H=1 -DHAVE_UNISTD_H=1 -DHAVE_GETPAGESIZE=1 -DHAVE_MMAP=1 -DHAVE_BZERO=1 -DHAVE_MEMSET=1 -DHAVE_MUNMAP=1'
DEPDIR='.deps'
ECHO_C=''
ECHO_N='-n'
ECHO_T=''
EGREP='/bin/grep -E'
EXEEXT=''
GREP='/bin/grep'
INSTALL_DATA='${INSTALL} -m 644'
INSTALL_PROGRAM='${INSTALL}'
INSTALL_SCRIPT='${INSTALL}'
INSTALL_STRIP_PROGRAM='$(install_sh) -c -s'
LDFLAGS=''
LIBOBJS=''
LIBS=''
LTLIBOBJS=''
MAKEINFO='${SHELL} /usr/work/efdetector/efio/missing --run makeinfo'
MKDIR_P='/bin/mkdir -p'
OBJEXT='o'
PACKAGE='libefio-a'
PACKAGE_BUGREPORT=''
PACKAGE_NAME='libefio.a'
PACKAGE_STRING='libefio.a 1.0'
PACKAGE_TARNAME='libefio-a'
PACKAGE_VERSION='1.0'
PATH_SEPARATOR=':'
RANLIB='ranlib'
SET_MAKE=''
SHELL='/bin/sh'
STRIP=''
VERSION='1.0'
ac_ct_CC='gcc'
am__EXEEXT_FALSE=''
am__EXEEXT_TRUE='#'
am__fastdepCC_FALSE='#'
am__fastdepCC_TRUE=''
am__include='include'
am__isrc=''
am__leading_dot='.'
am__quote=''
am__tar='${AMTAR} chof - "$$tardir"'
am__untar='${AMTAR} xf -'
bindir='${exec_prefix}/bin'
build_alias=''
datadir='${datarootdir}'
datarootdir='${prefix}/share'
docdir='${datarootdir}/doc/${PACKAGE_TARNAME}'
dvidir='${docdir}'
exec_prefix='${prefix}'
host_alias=''
htmldir='${docdir}'
includedir='${prefix}/include'
infodir='${datarootdir}/info'
install_sh='${SHELL} /usr/work/efdetector/efio/install-sh'
libdir='${exec_prefix}/lib'
libexecdir='${exec_prefix}/libexec'
localedir='${datarootdir}/locale'
localstatedir='${prefix}/var'
mandir='${datarootdir}/man'
mkdir_p='/bin/mkdir -p'
oldincludedir='/usr/include'
pdfdir='${docdir}'
prefix='/usr/local'
program_transform_name='s,x,x,'
psdir='${docdir}'
sbindir='${exec_prefix}/sbin'
sharedstatedir='${prefix}/com'
sysconfdir='${prefix}/etc'
target_alias=''

## ----------- ##
## confdefs.h. ##
## ----------- ##

#define PACKAGE_NAME "libefio.a"
#define PACKAGE_TARNAME "libefio-a"
#define PACKAGE_VERSION "1.0"
#define PACKAGE_STRING "libefio.a 1.0"
#define PACKAGE_BUGREPORT ""
#define PACKAGE "libefio-a"
#define VERSION "1.0"
#define STDC_HEADERS 1
#define HAVE_SYS_TYPES_H 1
#define HAVE_SYS_STAT_H 1
#define HAVE_STDLIB_H 1
#define HAVE_STRING_H 1
#define HAVE_MEMORY_H 1
#define HAVE_STRINGS_H 1
#define HAVE_INTTYPES_H 1
#define HAVE_STDINT_H 1
#define HAVE_UNISTD_H 1
#define HAVE_FCNTL_H 1
#define HAVE_INTTYPES_H 1
#define HAVE_STDLIB_H 1
#define HAVE_STRING_H 1
#define HAVE_SYS_IOCTL_H 1
#define HAVE_STDLIB_H 1
#define HAVE_MALLOC 1
#define HAVE_STDLIB_H 1
#define HAVE_UNISTD_H 1
#define HAVE_GETPAGESIZE 1
#define HAVE_MMAP 1
#define HAVE_BZERO 1
#define HAVE_MEMSET 1
#define HAVE_MUNMAP 1

configure: exit 0
